Flutter crash report; please file at https://github.com/flutter/flutter/issues.

## command

flutter run --release -d f24dadc

## exception

ProcessException: ProcessException: Permission denied
  Command: /Users/genie/FlutterSDK/.pub-cache/hosted/pub.dartlang.org/image_crop-0.3.2/android/gradlew -I=/Users/genie/FlutterSDK/packages/flutter_tools/gradle/aar_init_script.gradle -Pflutter-root=/Users/genie/FlutterSDK -Poutput-dir=/Users/genie/flutterDev/MovieFlutter/build/app -Pis-plugin=true -Ptarget-platform=android-arm,android-arm64,android-x64 assembleAarRelease

```
#0      _DefaultProcessUtils.run (package:flutter_tools/src/base/process.dart:266:37)
<asynchronous suspension>
#1      buildGradleAar (package:flutter_tools/src/android/gradle.dart:548:33)
#2      buildPluginsAsAar (package:flutter_tools/src/android/gradle.dart:711:13)
#3      buildGradleApp (package:flutter_tools/src/android/gradle.dart:257:11)
#4      _AsyncAwaitCompleter.start (dart:async-patch/async_patch.dart:45:6)
#5      buildGradleApp (package:flutter_tools/src/android/gradle.dart:218:28)
#6      buildGradleApp (package:flutter_tools/src/android/gradle.dart:415:19)
#7      _asyncThenWrapperHelper.<anonymous closure> (dart:async-patch/async_patch.dart:73:64)
#8      _rootRunUnary (dart:async/zone.dart:1134:38)
#9      _CustomZone.runUnary (dart:async/zone.dart:1031:19)
#10     _FutureListener.handleValue (dart:async/future_impl.dart:139:18)
#11     Future._propagateToListeners.handleValueCallback (dart:async/future_impl.dart:680:45)
#12     Future._propagateToListeners (dart:async/future_impl.dart:709:32)
#13     Future._completeWithValue (dart:async/future_impl.dart:524:5)
#14     Future._asyncComplete.<anonymous closure> (dart:async/future_impl.dart:554:7)
#15     _rootRun (dart:async/zone.dart:1126:13)
#16     _CustomZone.run (dart:async/zone.dart:1023:19)
#17     _CustomZone.runGuarded (dart:async/zone.dart:925:7)
#18     _CustomZone.bindCallbackGuarded.<anonymous closure> (dart:async/zone.dart:965:23)
#19     _microtaskLoop (dart:async/schedule_microtask.dart:43:21)
#20     _startMicrotaskLoop (dart:async/schedule_microtask.dart:52:5)
#21     _runPendingImmediateCallback (dart:isolate-patch/isolate_patch.dart:118:13)
#22     _RawReceivePortImpl._handleMessage (dart:isolate-patch/isolate_patch.dart:175:5)
```

## flutter doctor

```
[32m[✓][39m Flutter (Channel stable, v1.12.13+hotfix.9, on Mac OS X 10.15.2 19C57, locale en-GB)
    [32m•[39m Flutter version 1.12.13+hotfix.9 at /Users/genie/FlutterSDK
    [32m•[39m Framework revision f139b11009 (6 weeks ago), 2020-03-30 13:57:30 -0700
    [32m•[39m Engine revision af51afceb8
    [32m•[39m Dart version 2.7.2

[32m[✓][39m Android toolchain - develop for Android devices (Android SDK version 29.0.2)
    [32m•[39m Android SDK at /Users/genie/Library/Android/sdk
    [32m•[39m Android NDK location not configured (optional; useful for native profiling support)
    [32m•[39m Platform android-29, build-tools 29.0.2
    [32m•[39m Java binary at: /Applications/Android Studio.app/Contents/jre/jdk/Contents/Home/bin/java
    [32m•[39m Java version OpenJDK Runtime Environment (build 1.8.0_212-release-1586-b4-5784211)
    [32m•[39m All Android licenses accepted.

[32m[✓][39m Xcode - develop for iOS and macOS (Xcode 11.4.1)
    [32m•[39m Xcode at /Applications/Xcode.app/Contents/Developer
    [32m•[39m Xcode 11.4.1, Build version 11E503a
    [32m•[39m CocoaPods version 1.8.4

[32m[✓][39m Android Studio (version 3.6)
    [32m•[39m Android Studio at /Applications/Android Studio.app/Contents
    [32m•[39m Flutter plugin version 45.1.1
    [32m•[39m Dart plugin version 192.7761
    [32m•[39m Java version OpenJDK Runtime Environment (build 1.8.0_212-release-1586-b4-5784211)

[33m[!][39m IntelliJ IDEA Ultimate Edition (version 2019.1.2)
    [32m•[39m IntelliJ at /Applications/IntelliJ IDEA.app
    [31m✗[39m Flutter plugin not installed; this adds Flutter specific functionality.
    [31m✗[39m Dart plugin not installed; this adds Dart specific functionality.
    [32m•[39m For information about installing plugins, see
      https://flutter.dev/intellij-setup/#installing-the-plugins

[32m[✓][39m Connected device (3 available)
    [32m•[39m Redmi Note 7               • f24dadc                              • android-arm64 • Android 9 (API 28)
    [32m•[39m AOSP on IA Emulator        • emulator-5554                        • android-x86   • Android 9 (API 28) (emulator)
    [32m•[39m iPhone SE (2nd generation) • 9B2EDF43-01AD-4B22-971F-2D3A717A0B72 • ios           • com.apple.CoreSimulator.SimRuntime.iOS-13-4 (simulator)

[33m![39m Doctor found issues in 1 category.
```
